<?xml version="1.0" encoding="UTF-8"?>
<testsuites name="TEST TECHNICAL BTN" time="22.022" tests="1" failures="0" errors="0">
   <testsuite name="TEST TECHNICAL BTN" tests="1" failures="0" errors="0" time="22.022" skipped="0" timestamp="16-10-2024T14:41:49" hostname="ASUS VIVOBOOK - DESKTOP-MMTM3NU" id="Test Suites/TEST TECHNICAL BTN">
      <properties>
         <property name="deviceName" value=""/>
         <property name="devicePlatform"/>
         <property name="logFolder" value="C:\\Users\\ASUS VIVOBOOK\\git\\TEST-TECHNICAL-BTN---QA-AUTOMATION---FELIX-TANGGONO\\Reports\\20241016_144145\\TEST TECHNICAL BTN\\20241016_144145"/>
         <property name="logFiles" value="C:\\Users\\ASUS VIVOBOOK\\git\\TEST-TECHNICAL-BTN---QA-AUTOMATION---FELIX-TANGGONO\\Reports\\20241016_144145\\TEST TECHNICAL BTN\\20241016_144145\\execution0.log"/>
         <property name="attachments" value=""/>
         <property name="hostName" value="ASUS VIVOBOOK - DESKTOP-MMTM3NU"/>
         <property name="os" value="Windows 10 64bit"/>
         <property name="katalonVersion" value="9.7.2.223"/>
         <property name="browser" value="Chrome 129.0.0.0"/>
         <property name="hostAddress" value="192.168.1.78"/>
         <property name="sessionId" value="5a55e142b1ebd48e9875393aaa69848c"/>
         <property name="seleniumVersion" value="3.141.59"/>
         <property name="proxyInformation" value="ProxyInformation { proxyOption=NO_PROXY, proxyServerType=HTTP, username=, password=********, proxyServerAddress=, proxyServerPort=0, executionList=&quot;&quot;, isApplyToDesiredCapabilities=true }"/>
         <property name="platform" value="Windows 10"/>
      </properties>
      <testcase name="Test Cases/Case positif Quantity Update" time="21.569" classname="Test Cases/Case positif Quantity Update" status="PASSED">
         <system-out><![CDATA[16-10-2024T14:41:50 - [TEST_CASE][PASSED] - Test Cases/Case positif Quantity Update: Test Cases/Case positif Quantity Update

16-10-2024T14:41:51 - [TEST_STEP][PASSED] - openBrowser(""): Browser is opened with url: ''

16-10-2024T14:41:51 - [MESSAGE][INFO] - Starting 'Chrome' driver

16-10-2024T14:41:51 - [MESSAGE][INFO] - Action delay is set to 0 milliseconds

16-10-2024T14:41:53 - [MESSAGE][PASSED] - Browser is opened with url: ''

16-10-2024T14:41:53 - [TEST_STEP][PASSED] - maximizeWindow(): Current window maximized

16-10-2024T14:41:53 - [MESSAGE][PASSED] - Current window maximized

16-10-2024T14:41:53 - [TEST_STEP][PASSED] - navigateToUrl("https://practice.automationtesting.in/shop/"): Navigate to 'https://practice.automationtesting.in/shop/' successfully

16-10-2024T14:41:55 - [MESSAGE][PASSED] - Navigate to 'https://practice.automationtesting.in/shop/' successfully

16-10-2024T14:41:55 - [TEST_STEP][PASSED] - click(findTestObject("Object Repository/Page_Products  Automation Practice Site/a_Add to basket")): Object: 'Object Repository/Page_Products  Automation Practice Site/a_Add to basket' is clicked on

16-10-2024T14:41:55 - [MESSAGE][PASSED] - Object: 'Object Repository/Page_Products  Automation Practice Site/a_Add to basket' is clicked on

16-10-2024T14:41:55 - [TEST_STEP][PASSED] - click(findTestObject("Object Repository/Page_Products  Automation Practice Site/a_View Basket")): Object: 'Object Repository/Page_Products  Automation Practice Site/a_View Basket' is clicked on

16-10-2024T14:41:57 - [MESSAGE][PASSED] - Object: 'Object Repository/Page_Products  Automation Practice Site/a_View Basket' is clicked on

16-10-2024T14:41:57 - [TEST_STEP][PASSED] - setText(findTestObject("Object Repository/Page_Basket  Automation Practice Site/input__cart149e9677a5989fd342ae44213df68868qty"), Quantity): Text '4' is set on object 'Object Repository/Page_Basket  Automation Practice Site/input__cart149e9677a5989fd342ae44213df68868qty'

16-10-2024T14:41:58 - [MESSAGE][PASSED] - Text '4' is set on object 'Object Repository/Page_Basket  Automation Practice Site/input__cart149e9677a5989fd342ae44213df68868qty'

16-10-2024T14:41:58 - [TEST_STEP][PASSED] - click(findTestObject("Object Repository/Page_Basket  Automation Practice Site/input_Coupon_update_cart")): Object: 'Object Repository/Page_Basket  Automation Practice Site/input_Coupon_update_cart' is clicked on

16-10-2024T14:41:58 - [MESSAGE][PASSED] - Object: 'Object Repository/Page_Basket  Automation Practice Site/input_Coupon_update_cart' is clicked on

16-10-2024T14:41:58 - [TEST_STEP][PASSED] - click(findTestObject("Object Repository/Page_Basket  Automation Practice Site/a_Proceed to Checkout")): Object: 'Object Repository/Page_Basket  Automation Practice Site/a_Proceed to Checkout' is clicked on

16-10-2024T14:42:01 - [MESSAGE][PASSED] - Object: 'Object Repository/Page_Basket  Automation Practice Site/a_Proceed to Checkout' is clicked on

16-10-2024T14:42:01 - [TEST_STEP][PASSED] - setText(findTestObject("Object Repository/Page_Checkout  Automation Practice Site/input__billing_first_name"), First_name): Text 'Felisia' is set on object 'Object Repository/Page_Checkout  Automation Practice Site/input__billing_first_name'

16-10-2024T14:42:03 - [MESSAGE][PASSED] - Text 'Felisia' is set on object 'Object Repository/Page_Checkout  Automation Practice Site/input__billing_first_name'

16-10-2024T14:42:03 - [TEST_STEP][PASSED] - setText(findTestObject("Object Repository/Page_Checkout  Automation Practice Site/input__billing_last_name"), Last_name): Text 'Gremory' is set on object 'Object Repository/Page_Checkout  Automation Practice Site/input__billing_last_name'

16-10-2024T14:42:03 - [MESSAGE][PASSED] - Text 'Gremory' is set on object 'Object Repository/Page_Checkout  Automation Practice Site/input__billing_last_name'

16-10-2024T14:42:03 - [TEST_STEP][PASSED] - setText(findTestObject("Object Repository/Page_Checkout  Automation Practice Site/input_Company Name_billing_company"), Company_name): Text 'Kingdome' is set on object 'Object Repository/Page_Checkout  Automation Practice Site/input_Company Name_billing_company'

16-10-2024T14:42:04 - [MESSAGE][PASSED] - Text 'Kingdome' is set on object 'Object Repository/Page_Checkout  Automation Practice Site/input_Company Name_billing_company'

16-10-2024T14:42:04 - [TEST_STEP][PASSED] - setText(findTestObject("Object Repository/Page_Checkout  Automation Practice Site/input__billing_email"), Email): Text 'felfelia@aaa.com' is set on object 'Object Repository/Page_Checkout  Automation Practice Site/input__billing_email'

16-10-2024T14:42:05 - [MESSAGE][PASSED] - Text 'felfelia@aaa.com' is set on object 'Object Repository/Page_Checkout  Automation Practice Site/input__billing_email'

16-10-2024T14:42:05 - [TEST_STEP][PASSED] - setText(findTestObject("Object Repository/Page_Checkout  Automation Practice Site/input__billing_phone"), Phone): Text '084445645644' is set on object 'Object Repository/Page_Checkout  Automation Practice Site/input__billing_phone'

16-10-2024T14:42:05 - [MESSAGE][PASSED] - Text '084445645644' is set on object 'Object Repository/Page_Checkout  Automation Practice Site/input__billing_phone'

16-10-2024T14:42:05 - [TEST_STEP][PASSED] - setText(findTestObject("Object Repository/Page_Checkout  Automation Practice Site/input__billing_address_1"), Address1): Text 'ghost11' is set on object 'Object Repository/Page_Checkout  Automation Practice Site/input__billing_address_1'

16-10-2024T14:42:06 - [MESSAGE][PASSED] - Text 'ghost11' is set on object 'Object Repository/Page_Checkout  Automation Practice Site/input__billing_address_1'

16-10-2024T14:42:06 - [TEST_STEP][PASSED] - setText(findTestObject("Object Repository/Page_Checkout  Automation Practice Site/input__billing_address_2"), Address2): Text 'ghostt22' is set on object 'Object Repository/Page_Checkout  Automation Practice Site/input__billing_address_2'

16-10-2024T14:42:07 - [MESSAGE][PASSED] - Text 'ghostt22' is set on object 'Object Repository/Page_Checkout  Automation Practice Site/input__billing_address_2'

16-10-2024T14:42:07 - [TEST_STEP][PASSED] - setText(findTestObject("Object Repository/Page_Checkout  Automation Practice Site/input__billing_city"), City): Text 'Jakarta' is set on object 'Object Repository/Page_Checkout  Automation Practice Site/input__billing_city'

16-10-2024T14:42:07 - [MESSAGE][PASSED] - Text 'Jakarta' is set on object 'Object Repository/Page_Checkout  Automation Practice Site/input__billing_city'

16-10-2024T14:42:07 - [TEST_STEP][PASSED] - setText(findTestObject("Object Repository/Page_Checkout  Automation Practice Site/input__billing_postcode"), Postcode): Text '111222444' is set on object 'Object Repository/Page_Checkout  Automation Practice Site/input__billing_postcode'

16-10-2024T14:42:08 - [MESSAGE][PASSED] - Text '111222444' is set on object 'Object Repository/Page_Checkout  Automation Practice Site/input__billing_postcode'

16-10-2024T14:42:08 - [TEST_STEP][PASSED] - click(findTestObject("Object Repository/Page_Checkout  Automation Practice Site/input_PayPal Express Checkout_woocommerce_c_e63d9c")): Object: 'Object Repository/Page_Checkout  Automation Practice Site/input_PayPal Express Checkout_woocommerce_c_e63d9c' is clicked on

16-10-2024T14:42:08 - [MESSAGE][PASSED] - Object: 'Object Repository/Page_Checkout  Automation Practice Site/input_PayPal Express Checkout_woocommerce_c_e63d9c' is clicked on

16-10-2024T14:42:08 - [TEST_STEP][PASSED] - delay(3): Delayed 3 second(s)

16-10-2024T14:42:11 - [MESSAGE][PASSED] - Delayed 3 second(s)

16-10-2024T14:42:11 - [TEST_STEP][PASSED] - closeBrowser(): Browser is closed

16-10-2024T14:42:11 - [MESSAGE][PASSED] - Browser is closed]]></system-out>
         <system-err><![CDATA[]]></system-err>
      </testcase>
      <system-out><![CDATA[16-10-2024T14:41:49 - [TEST_SUITE][PASSED] - TEST TECHNICAL BTN: Test Cases/Case positif Quantity Update]]></system-out>
      <system-err><![CDATA[]]></system-err>
   </testsuite>
</testsuites>
